<?xml version="1.0" encoding="UTF-8"?>
<!-- Generated by org.testng.reporters.JUnitXMLReporter -->
<testsuite ignored="0" hostname="Ruiz_Toledo" failures="0" tests="3" name="Submit Order Test" time="44.44" errors="0" timestamp="2025-10-05T17:25:15 CST">
  <testcase classname="raulruiz.tests.SubmitOrderTest" name="submitOrder" time="5.203"/>
  <testcase classname="raulruiz.tests.SubmitOrderTest" name="submitOrder" time="5.694"/>
  <testcase classname="raulruiz.tests.SubmitOrderTest" name="OrderHistoryTest" time="1.243"/>
</testsuite> <!-- Submit Order Test -->
