<?xml version="1.0" encoding="UTF-8"?>
<testng-results ignored="0" total="2" passed="2" failed="0" skipped="0">
  <reporter-output>
  </reporter-output>
  <suite started-at="2025-10-14T12:37:01 CST" name="Default suite" finished-at="2025-10-14T12:37:35 CST" duration-ms="34780">
    <groups>
      <group name="Purchase">
        <method signature="SubmitOrderTest.submitOrder(java.util.HashMap)[pri:0, instance:raulruiz.tests.SubmitOrderTest@2925bf5b]" name="submitOrder" class="raulruiz.tests.SubmitOrderTest"/>
      </group> <!-- Purchase -->
    </groups>
    <test started-at="2025-10-14T12:37:01 CST" name="Default test" finished-at="2025-10-14T12:37:35 CST" duration-ms="34780">
      <class name="raulruiz.tests.SubmitOrderTest">
        <test-method is-config="true" signature="launchApplication()[pri:0, instance:raulruiz.tests.SubmitOrderTest@2925bf5b]" started-at="2025-10-14T12:37:01 CST" name="launchApplication" finished-at="2025-10-14T12:37:12 CST" duration-ms="10647" status="PASS">
          <reporter-output>
          </reporter-output>
        </test-method> <!-- launchApplication -->
        <test-method signature="submitOrder(java.util.HashMap)[pri:0, instance:raulruiz.tests.SubmitOrderTest@2925bf5b]" started-at="2025-10-14T12:37:12 CST" name="submitOrder" data-provider="ExcelData" finished-at="2025-10-14T12:37:16 CST" duration-ms="4431" status="PASS">
          <params>
            <param index="0">
              <value>
                <![CDATA[{email=rrulas10@hotmail.com, password=Hqtzgl03521810, product=ZARA COAT 3}]]>
              </value>
            </param>
          </params>
          <reporter-output>
          </reporter-output>
        </test-method> <!-- submitOrder -->
        <test-method is-config="true" signature="tearDown()[pri:0, instance:raulruiz.tests.SubmitOrderTest@2925bf5b]" started-at="2025-10-14T12:37:16 CST" name="tearDown" finished-at="2025-10-14T12:37:17 CST" duration-ms="176" status="PASS">
          <reporter-output>
          </reporter-output>
        </test-method> <!-- tearDown -->
        <test-method is-config="true" signature="launchApplication()[pri:0, instance:raulruiz.tests.SubmitOrderTest@2925bf5b]" started-at="2025-10-14T12:37:17 CST" name="launchApplication" finished-at="2025-10-14T12:37:31 CST" duration-ms="14095" status="PASS">
          <reporter-output>
          </reporter-output>
        </test-method> <!-- launchApplication -->
        <test-method signature="submitOrder(java.util.HashMap)[pri:0, instance:raulruiz.tests.SubmitOrderTest@2925bf5b]" started-at="2025-10-14T12:37:31 CST" name="submitOrder" data-provider="ExcelData" finished-at="2025-10-14T12:37:35 CST" duration-ms="4499" status="PASS">
          <params>
            <param index="0">
              <value>
                <![CDATA[{email=baloo@xyz.com, password=Hqtzgl03521810, product=ADIDAS ORIGINAL}]]>
              </value>
            </param>
          </params>
          <reporter-output>
          </reporter-output>
        </test-method> <!-- submitOrder -->
        <test-method is-config="true" signature="tearDown()[pri:0, instance:raulruiz.tests.SubmitOrderTest@2925bf5b]" started-at="2025-10-14T12:37:35 CST" name="tearDown" finished-at="2025-10-14T12:37:35 CST" duration-ms="244" status="PASS">
          <reporter-output>
          </reporter-output>
        </test-method> <!-- tearDown -->
      </class> <!-- raulruiz.tests.SubmitOrderTest -->
    </test> <!-- Default test -->
  </suite> <!-- Default suite -->
</testng-results>
